<?xml version="1.0" encoding="UTF-8"?>
<robot generator="Robot 7.0 (Python 3.11.4 on win32)" generated="2024-03-03T18:22:39.926252" rpa="false" schemaversion="5">
<suite id="s1" name="testDemo6" source="G:\RFproject\tests\testDemo6.robot">
<test id="s1-t1" name="Validate Cards display on the Shopping Page" line="28">
<kw name="Open the browser with the Mortgage payment url" owner="Generic" type="SETUP">
<kw name="Create Webdriver" owner="SeleniumLibrary">
<msg time="2024-03-03T18:22:40.141288" level="INFO">Creating an instance of the Chrome WebDriver.</msg>
<msg time="2024-03-03T18:22:40.654371" level="WARN">The chromedriver version (121.0.6167.85) detected in PATH at G:\Chromedriver\chromedriver.exe might not be compatible with the detected chrome version (122.0.6261.95); currently, chromedriver 122.0.6261.94 is recommended for chrome 122.*, so it is advised to delete the driver in PATH and retry</msg>
<arg>Chrome</arg>
<doc>Creates an instance of Selenium WebDriver.</doc>
<status status="PASS" start="2024-03-03T18:22:40.141288" elapsed="1.889610"/>
</kw>
<kw name="Maximize Browser Window" owner="SeleniumLibrary">
<doc>Maximizes current browser window.</doc>
<status status="PASS" start="2024-03-03T18:22:42.031899" elapsed="0.136170"/>
</kw>
<kw name="Go To" owner="SeleniumLibrary">
<msg time="2024-03-03T18:22:42.169071" level="INFO">Opening url 'https://rahulshettyacademy.com/loginpagePractise/'</msg>
<arg>${url}</arg>
<doc>Navigates the current browser window to the provided ``url``.</doc>
<status status="PASS" start="2024-03-03T18:22:42.169071" elapsed="1.220850"/>
</kw>
<status status="PASS" start="2024-03-03T18:22:40.139904" elapsed="3.250017"/>
</kw>
<kw name="Fill the login Form" owner="LandingPage">
<kw name="Input Text" owner="SeleniumLibrary">
<msg time="2024-03-03T18:22:43.391936" level="INFO">Typing text 'rahulshettyacademy' into text field 'id:username'.</msg>
<arg>id:username</arg>
<arg>${username}</arg>
<doc>Types the given ``text`` into the text field identified by ``locator``.</doc>
<status status="PASS" start="2024-03-03T18:22:43.390932" elapsed="0.142134"/>
</kw>
<kw name="Input Password" owner="SeleniumLibrary">
<msg time="2024-03-03T18:22:43.534068" level="INFO">Typing password into text field 'id:password'.</msg>
<msg time="2024-03-03T18:22:43.578481" level="INFO">Temporally setting log level to: NONE</msg>
<arg>id:password</arg>
<arg>${password}</arg>
<doc>Types the given password into the text field identified by ``locator``.</doc>
<status status="PASS" start="2024-03-03T18:22:43.533066" elapsed="0.088207"/>
</kw>
<kw name="Click Button" owner="SeleniumLibrary">
<msg time="2024-03-03T18:22:43.622270" level="INFO">Clicking button 'id:signInBtn'.</msg>
<arg>id:signInBtn</arg>
<doc>Clicks the button identified by ``locator``.</doc>
<status status="PASS" start="2024-03-03T18:22:43.622270" elapsed="0.056648"/>
</kw>
<arg>${user_name}</arg>
<arg>${valid_password}</arg>
<status status="PASS" start="2024-03-03T18:22:43.390932" elapsed="0.287986"/>
</kw>
<kw name="Wait until Element is located on the page" owner="ShopPage">
<kw name="Wait Until Element passed is located on Page" owner="Generic">
<kw name="Wait Until Element Is Visible" owner="SeleniumLibrary">
<arg>${page_locator}</arg>
<doc>Waits until the element ``locator`` is visible.</doc>
<status status="PASS" start="2024-03-03T18:22:43.679917" elapsed="4.206504"/>
</kw>
<arg>${Shop_page_load}</arg>
<status status="PASS" start="2024-03-03T18:22:43.679917" elapsed="4.207515"/>
</kw>
<status status="PASS" start="2024-03-03T18:22:43.678918" elapsed="4.208514"/>
</kw>
<kw name="Verify Card titles on the Shop page" owner="ShopPage">
<kw name="Create List" owner="BuiltIn">
<msg time="2024-03-03T18:22:47.890431" level="INFO">@{expected_list} = [ iphone X | Samsung Note 8 | Nokia Edge | Blackberry ]</msg>
<var>@{expected_list}</var>
<arg>iphone X</arg>
<arg>Samsung Note 8</arg>
<arg>Nokia Edge</arg>
<arg>Blackberry</arg>
<doc>Returns a list containing given items.</doc>
<status status="PASS" start="2024-03-03T18:22:47.889429" elapsed="0.001002"/>
</kw>
<kw name="Get WebElements" owner="SeleniumLibrary">
<msg time="2024-03-03T18:22:47.909782" level="INFO">${elements} = [&lt;selenium.webdriver.remote.webelement.WebElement (session="a862aad4c42954e4a9a3e9635bc9c5a2", element="80BE2A31884B9A2EBCB6C3966E4A67DB_element_73")&gt;, &lt;selenium.webdriver.remote.webelement.WebElement...</msg>
<var>${elements}</var>
<arg>css:.card-title</arg>
<doc>Returns a list of WebElement objects matching the ``locator``.</doc>
<status status="PASS" start="2024-03-03T18:22:47.891432" elapsed="0.018350"/>
</kw>
<kw name="Create List" owner="BuiltIn">
<msg time="2024-03-03T18:22:47.911304" level="INFO">@{actual_list} = [ ]</msg>
<var>@{actual_list}</var>
<doc>Returns a list containing given items.</doc>
<status status="PASS" start="2024-03-03T18:22:47.910290" elapsed="0.001014"/>
</kw>
<for flavor="IN">
<iter>
<kw name="Log" owner="BuiltIn">
<msg time="2024-03-03T18:22:47.932779" level="INFO">iphone X</msg>
<arg>${element.text}</arg>
<doc>Logs the given message with the given level.</doc>
<status status="PASS" start="2024-03-03T18:22:47.913306" elapsed="0.019473"/>
</kw>
<kw name="Append To List" owner="Collections">
<arg>${actual_list}</arg>
<arg>${element.text}</arg>
<doc>Adds ``values`` to the end of ``list``.</doc>
<status status="PASS" start="2024-03-03T18:22:47.932779" elapsed="0.009978"/>
</kw>
<var name="${element}">&lt;selenium.webdriver.remote.webelement.WebElement (session="a862aad4c42954e4a9a3e9635bc9c5a2", element="80BE2A31884B9A2EBCB6C3966E4A67DB_element_73")&gt;</var>
<status status="PASS" start="2024-03-03T18:22:47.912304" elapsed="0.030453"/>
</iter>
<iter>
<kw name="Log" owner="BuiltIn">
<msg time="2024-03-03T18:22:47.953756" level="INFO">Samsung Note 8</msg>
<arg>${element.text}</arg>
<doc>Logs the given message with the given level.</doc>
<status status="PASS" start="2024-03-03T18:22:47.943770" elapsed="0.009986"/>
</kw>
<kw name="Append To List" owner="Collections">
<arg>${actual_list}</arg>
<arg>${element.text}</arg>
<doc>Adds ``values`` to the end of ``list``.</doc>
<status status="PASS" start="2024-03-03T18:22:47.954780" elapsed="0.008105"/>
</kw>
<var name="${element}">&lt;selenium.webdriver.remote.webelement.WebElement (session="a862aad4c42954e4a9a3e9635bc9c5a2", element="80BE2A31884B9A2EBCB6C3966E4A67DB_element_74")&gt;</var>
<status status="PASS" start="2024-03-03T18:22:47.943770" elapsed="0.019115"/>
</iter>
<iter>
<kw name="Log" owner="BuiltIn">
<msg time="2024-03-03T18:22:47.973482" level="INFO">Nokia Edge</msg>
<arg>${element.text}</arg>
<doc>Logs the given message with the given level.</doc>
<status status="PASS" start="2024-03-03T18:22:47.962885" elapsed="0.011603"/>
</kw>
<kw name="Append To List" owner="Collections">
<arg>${actual_list}</arg>
<arg>${element.text}</arg>
<doc>Adds ``values`` to the end of ``list``.</doc>
<status status="PASS" start="2024-03-03T18:22:47.974488" elapsed="0.011523"/>
</kw>
<var name="${element}">&lt;selenium.webdriver.remote.webelement.WebElement (session="a862aad4c42954e4a9a3e9635bc9c5a2", element="80BE2A31884B9A2EBCB6C3966E4A67DB_element_75")&gt;</var>
<status status="PASS" start="2024-03-03T18:22:47.962885" elapsed="0.023126"/>
</iter>
<iter>
<kw name="Log" owner="BuiltIn">
<msg time="2024-03-03T18:22:47.995007" level="INFO">Blackberry</msg>
<arg>${element.text}</arg>
<doc>Logs the given message with the given level.</doc>
<status status="PASS" start="2024-03-03T18:22:47.987013" elapsed="0.007994"/>
</kw>
<kw name="Append To List" owner="Collections">
<arg>${actual_list}</arg>
<arg>${element.text}</arg>
<doc>Adds ``values`` to the end of ``list``.</doc>
<status status="PASS" start="2024-03-03T18:22:47.995007" elapsed="0.014006"/>
</kw>
<var name="${element}">&lt;selenium.webdriver.remote.webelement.WebElement (session="a862aad4c42954e4a9a3e9635bc9c5a2", element="80BE2A31884B9A2EBCB6C3966E4A67DB_element_76")&gt;</var>
<status status="PASS" start="2024-03-03T18:22:47.986011" elapsed="0.023002"/>
</iter>
<var>${element}</var>
<value>@{elements}</value>
<status status="PASS" start="2024-03-03T18:22:47.911304" elapsed="0.097709"/>
</for>
<kw name="Lists Should Be Equal" owner="Collections">
<msg time="2024-03-03T18:22:48.009013" level="INFO">False</msg>
<arg>${expected_list}</arg>
<arg>${actual_list}</arg>
<doc>Fails if given lists are unequal.</doc>
<status status="PASS" start="2024-03-03T18:22:48.009013" elapsed="0.001504"/>
</kw>
<status status="PASS" start="2024-03-03T18:22:47.888438" elapsed="0.122079"/>
</kw>
<kw name="Add Items To Cart And Checkout" owner="Shop">
<msg time="2024-03-03T18:22:48.049529" level="INFO">Clicking button 'xpath:(//*[@class='card-footer'])[3]/button'.</msg>
<msg time="2024-03-03T18:22:48.177895" level="INFO">Clicking button 'xpath:(//*[@class='card-footer'])[4]/button'.</msg>
<msg time="2024-03-03T18:22:48.269219" level="INFO">Clicking link 'css:li.active a'.</msg>
<arg>${listofProducts}</arg>
<status status="PASS" start="2024-03-03T18:22:48.010517" elapsed="0.345608"/>
</kw>
<kw name="Verify items in the checkout page and proceed" owner="CheckoutPage">
<kw name="Page Should Contain" owner="SeleniumLibrary">
<msg time="2024-03-03T18:22:48.392289" level="INFO">Current page contains text 'Blackberry'.</msg>
<arg>Blackberry</arg>
<doc>Verifies that current page contains ``text``.</doc>
<status status="PASS" start="2024-03-03T18:22:48.358118" elapsed="0.034171"/>
</kw>
<kw name="Page Should Contain" owner="SeleniumLibrary">
<msg time="2024-03-03T18:22:48.424392" level="INFO">Current page contains text 'Nokia Edge'.</msg>
<arg>Nokia Edge</arg>
<doc>Verifies that current page contains ``text``.</doc>
<status status="PASS" start="2024-03-03T18:22:48.392289" elapsed="0.032103"/>
</kw>
<kw name="Click Button" owner="SeleniumLibrary">
<msg time="2024-03-03T18:22:48.425391" level="INFO">Clicking button 'css:.btn-success'.</msg>
<arg>${CheckoutButton}</arg>
<doc>Clicks the button identified by ``locator``.</doc>
<status status="PASS" start="2024-03-03T18:22:48.424392" elapsed="0.101638"/>
</kw>
<status status="PASS" start="2024-03-03T18:22:48.357114" elapsed="0.168916"/>
</kw>
<kw name="Enter the Country and select The Terms" owner="ConfirmationPage">
<kw name="Wait Until Element passed is located on Page" owner="Generic">
<kw name="Wait Until Element Is Visible" owner="SeleniumLibrary">
<arg>${page_locator}</arg>
<doc>Waits until the element ``locator`` is visible.</doc>
<status status="PASS" start="2024-03-03T18:22:48.528032" elapsed="0.024699"/>
</kw>
<arg>id:country</arg>
<status status="PASS" start="2024-03-03T18:22:48.527053" elapsed="0.025678"/>
</kw>
<kw name="Input Text" owner="SeleniumLibrary">
<msg time="2024-03-03T18:22:48.553749" level="INFO">Typing text 'India' into text field 'id:country'.</msg>
<arg>id:country</arg>
<arg>${country_name}</arg>
<doc>Types the given ``text`` into the text field identified by ``locator``.</doc>
<status status="PASS" start="2024-03-03T18:22:48.552731" elapsed="0.127426"/>
</kw>
<kw name="Sleep" owner="BuiltIn">
<msg time="2024-03-03T18:22:54.681327" level="INFO">Slept 6 seconds.</msg>
<arg>6</arg>
<doc>Pauses the test executed for the given time.</doc>
<status status="PASS" start="2024-03-03T18:22:48.680157" elapsed="6.001170"/>
</kw>
<kw name="Wait Until Element passed is located on Page" owner="Generic">
<kw name="Wait Until Element Is Visible" owner="SeleniumLibrary">
<arg>${page_locator}</arg>
<doc>Waits until the element ``locator`` is visible.</doc>
<status status="PASS" start="2024-03-03T18:22:54.682776" elapsed="0.029428"/>
</kw>
<arg>xpath://a[text()='${country_name}']</arg>
<status status="PASS" start="2024-03-03T18:22:54.682270" elapsed="0.029934"/>
</kw>
<kw name="Click Element" owner="SeleniumLibrary">
<msg time="2024-03-03T18:22:54.713229" level="INFO">Clicking element 'xpath://a[text()='India']'.</msg>
<arg>xpath://a[text()='${country_name}']</arg>
<doc>Click the element identified by ``locator``.</doc>
<status status="PASS" start="2024-03-03T18:22:54.712204" elapsed="0.069944"/>
</kw>
<kw name="Click Element" owner="SeleniumLibrary">
<msg time="2024-03-03T18:22:54.784146" level="INFO">Clicking element 'css:.checkbox-primary label'.</msg>
<arg>css:.checkbox-primary label</arg>
<doc>Click the element identified by ``locator``.</doc>
<status status="PASS" start="2024-03-03T18:22:54.783148" elapsed="0.045515"/>
</kw>
<arg>${country_name}</arg>
<status status="PASS" start="2024-03-03T18:22:48.526030" elapsed="6.302633"/>
</kw>
<kw name="Purchase the Product and Confirm the Purchase" owner="ConfirmationPage">
<kw name="Click Button" owner="SeleniumLibrary">
<msg time="2024-03-03T18:22:54.829658" level="INFO">Clicking button 'css:.btn-success'.</msg>
<arg>css:.btn-success</arg>
<doc>Clicks the button identified by ``locator``.</doc>
<status status="PASS" start="2024-03-03T18:22:54.829658" elapsed="0.052235"/>
</kw>
<kw name="Page Should Contain" owner="SeleniumLibrary">
<msg time="2024-03-03T18:22:54.901974" level="INFO">Current page contains text 'Success!'.</msg>
<arg>Success!</arg>
<doc>Verifies that current page contains ``text``.</doc>
<status status="PASS" start="2024-03-03T18:22:54.883017" elapsed="0.018957"/>
</kw>
<status status="PASS" start="2024-03-03T18:22:54.828663" elapsed="0.073311"/>
</kw>
<kw name="Close Browser" owner="SeleniumLibrary" type="TEARDOWN">
<doc>Closes the current browser.</doc>
<status status="PASS" start="2024-03-03T18:22:54.902976" elapsed="2.264870"/>
</kw>
<status status="PASS" start="2024-03-03T18:22:40.139904" elapsed="17.027942"/>
</test>
<doc>To validate the login form</doc>
<status status="PASS" start="2024-03-03T18:22:39.936294" elapsed="17.232583"/>
</suite>
<statistics>
<total>
<stat pass="1" fail="0" skip="0">All Tests</stat>
</total>
<tag>
</tag>
<suite>
<stat pass="1" fail="0" skip="0" id="s1" name="testDemo6">testDemo6</stat>
</suite>
</statistics>
<errors>
<msg time="2024-03-03T18:22:40.654371" level="WARN">The chromedriver version (121.0.6167.85) detected in PATH at G:\Chromedriver\chromedriver.exe might not be compatible with the detected chrome version (122.0.6261.95); currently, chromedriver 122.0.6261.94 is recommended for chrome 122.*, so it is advised to delete the driver in PATH and retry</msg>
</errors>
</robot>
