<?xml version="1.0" encoding="UTF-8"?>
<robot generator="Robot 7.0 (Python 3.11.4 on win32)" generated="2024-03-03T18:22:39.934291" rpa="false" schemaversion="5">
<suite id="s1" name="testDemo6" source="G:\RFproject\tests\testDemo6.robot">
<test id="s1-t1" name="Validate UnSuccessful Login" line="22">
<kw name="Open the browser with the Mortgage payment url" owner="Generic" type="SETUP">
<kw name="Create Webdriver" owner="SeleniumLibrary">
<msg time="2024-03-03T18:22:40.149795" level="INFO">Creating an instance of the Chrome WebDriver.</msg>
<msg time="2024-03-03T18:22:40.658359" level="WARN">The chromedriver version (121.0.6167.85) detected in PATH at G:\Chromedriver\chromedriver.exe might not be compatible with the detected chrome version (122.0.6261.95); currently, chromedriver 122.0.6261.94 is recommended for chrome 122.*, so it is advised to delete the driver in PATH and retry</msg>
<arg>Chrome</arg>
<doc>Creates an instance of Selenium WebDriver.</doc>
<status status="PASS" start="2024-03-03T18:22:40.149795" elapsed="1.818198"/>
</kw>
<kw name="Maximize Browser Window" owner="SeleniumLibrary">
<doc>Maximizes current browser window.</doc>
<status status="PASS" start="2024-03-03T18:22:41.967993" elapsed="0.139202"/>
</kw>
<kw name="Go To" owner="SeleniumLibrary">
<msg time="2024-03-03T18:22:42.108191" level="INFO">Opening url 'https://rahulshettyacademy.com/loginpagePractise/'</msg>
<arg>${url}</arg>
<doc>Navigates the current browser window to the provided ``url``.</doc>
<status status="PASS" start="2024-03-03T18:22:42.107195" elapsed="0.952826"/>
</kw>
<status status="PASS" start="2024-03-03T18:22:40.148288" elapsed="2.911733"/>
</kw>
<kw name="Fill the login Form" owner="LandingPage">
<kw name="Input Text" owner="SeleniumLibrary">
<msg time="2024-03-03T18:22:43.062196" level="INFO">Typing text 'rahulshettyacademy' into text field 'id:username'.</msg>
<arg>id:username</arg>
<arg>${username}</arg>
<doc>Types the given ``text`` into the text field identified by ``locator``.</doc>
<status status="PASS" start="2024-03-03T18:22:43.061182" elapsed="0.202530"/>
</kw>
<kw name="Input Password" owner="SeleniumLibrary">
<msg time="2024-03-03T18:22:43.265755" level="INFO">Typing password into text field 'id:password'.</msg>
<msg time="2024-03-03T18:22:43.312831" level="INFO">Temporally setting log level to: NONE</msg>
<arg>id:password</arg>
<arg>${password}</arg>
<doc>Types the given password into the text field identified by ``locator``.</doc>
<status status="PASS" start="2024-03-03T18:22:43.264713" elapsed="0.132250"/>
</kw>
<kw name="Click Button" owner="SeleniumLibrary">
<msg time="2024-03-03T18:22:43.397962" level="INFO">Clicking button 'id:signInBtn'.</msg>
<arg>id:signInBtn</arg>
<doc>Clicks the button identified by ``locator``.</doc>
<status status="PASS" start="2024-03-03T18:22:43.396963" elapsed="0.085939"/>
</kw>
<arg>${user_name}</arg>
<arg>${invalid_password}</arg>
<status status="PASS" start="2024-03-03T18:22:43.060021" elapsed="0.422881"/>
</kw>
<kw name="Wait until Element is located on the page" owner="LandingPage">
<kw name="Wait Until Element passed is located on Page" owner="Generic">
<kw name="Wait Until Element Is Visible" owner="SeleniumLibrary">
<arg>${page_locator}</arg>
<doc>Waits until the element ``locator`` is visible.</doc>
<status status="PASS" start="2024-03-03T18:22:43.484214" elapsed="2.128452"/>
</kw>
<arg>${Error_Message_Login}</arg>
<status status="PASS" start="2024-03-03T18:22:43.484214" elapsed="2.128452"/>
</kw>
<status status="PASS" start="2024-03-03T18:22:43.482902" elapsed="2.129764"/>
</kw>
<kw name="Verify error message is correct" owner="LandingPage">
<kw name="Get Text" owner="SeleniumLibrary">
<msg time="2024-03-03T18:22:45.650753" level="INFO">${result} = Incorrect username/password.</msg>
<var>${result}</var>
<arg>${Error_Message_Login}</arg>
<doc>Returns the text value of the element identified by ``locator``.</doc>
<status status="PASS" start="2024-03-03T18:22:45.614651" elapsed="0.036102"/>
</kw>
<kw name="Should Be Equal As Strings" owner="BuiltIn">
<arg>${result}</arg>
<arg>Incorrect username/password.</arg>
<doc>Fails if objects are unequal after converting them to strings.</doc>
<status status="PASS" start="2024-03-03T18:22:45.650753" elapsed="0.000930"/>
</kw>
<kw name="Element Text Should Be" owner="SeleniumLibrary">
<msg time="2024-03-03T18:22:45.652689" level="INFO">Verifying element 'css:.alert-danger' contains exact text 'Incorrect username/password.'.</msg>
<arg>${Error_Message_Login}</arg>
<arg>Incorrect username/password.</arg>
<doc>Verifies that element ``locator`` contains exact the text ``expected``.</doc>
<status status="PASS" start="2024-03-03T18:22:45.651683" elapsed="0.023559"/>
</kw>
<status status="PASS" start="2024-03-03T18:22:45.613655" elapsed="0.061587"/>
</kw>
<kw name="Close Browser" owner="SeleniumLibrary" type="TEARDOWN">
<doc>Closes the current browser.</doc>
<status status="PASS" start="2024-03-03T18:22:45.675242" elapsed="2.149304"/>
</kw>
<status status="PASS" start="2024-03-03T18:22:40.148288" elapsed="7.677258"/>
</test>
<doc>To validate the login form</doc>
<status status="PASS" start="2024-03-03T18:22:39.944806" elapsed="7.881740"/>
</suite>
<statistics>
<total>
<stat pass="1" fail="0" skip="0">All Tests</stat>
</total>
<tag>
</tag>
<suite>
<stat pass="1" fail="0" skip="0" id="s1" name="testDemo6">testDemo6</stat>
</suite>
</statistics>
<errors>
<msg time="2024-03-03T18:22:40.658359" level="WARN">The chromedriver version (121.0.6167.85) detected in PATH at G:\Chromedriver\chromedriver.exe might not be compatible with the detected chrome version (122.0.6261.95); currently, chromedriver 122.0.6261.94 is recommended for chrome 122.*, so it is advised to delete the driver in PATH and retry</msg>
</errors>
</robot>
